<?xml version="1.0" encoding="utf-8"?><testsuites><testsuite name="pytest" errors="0" failures="0" skipped="0" tests="73" time="1.509" timestamp="2025-06-21T21:09:17.880854+02:00" hostname="0f3743692140"><testcase classname="tests.test_error_handling.TestSerializationErrors" name="test_circular_reference_detection" time="0.001" /><testcase classname="tests.test_error_handling.TestSerializationErrors" name="test_corrupted_enhanced_json_loads" time="0.001" /><testcase classname="tests.test_error_handling.TestSerializationErrors" name="test_type_handler_exceptions" time="0.001" /><testcase classname="tests.test_error_handling.TestSerializationErrors" name="test_numpy_edge_case_handling" time="0.001" /><testcase classname="tests.test_error_handling.TestZarrPatchingErrors" name="test_zarr_not_available" time="0.001" /><testcase classname="tests.test_error_handling.TestZarrPatchingErrors" name="test_zarr_api_changes" time="0.002" /><testcase classname="tests.test_error_handling.TestZarrPatchingErrors" name="test_partial_patch_failure" time="0.001" /><testcase classname="tests.test_error_handling.TestZarrPatchingErrors" name="test_multiple_enable_disable_cycles" time="0.003" /><testcase classname="tests.test_error_handling.TestMemoryAndPerformance" name="test_large_data_structures" time="0.002" /><testcase classname="tests.test_error_handling.TestMemoryAndPerformance" name="test_memory_pressure_scenarios" time="0.003" /><testcase classname="tests.test_error_handling.TestRobustnessScenarios" name="test_unicode_and_encoding_edge_cases" time="0.001" /><testcase classname="tests.test_error_handling.TestRobustnessScenarios" name="test_concurrent_access_simulation" time="0.001" /><testcase classname="tests.test_error_handling.TestRobustnessScenarios" name="test_platform_specific_behaviors" time="0.001" /><testcase classname="tests.test_error_handling.TestWarningAndLogging" name="test_deprecation_warnings" time="0.001" /><testcase classname="tests.test_error_handling.TestWarningAndLogging" name="test_disable_without_enable_warning" time="0.001" /><testcase classname="tests.test_functionality.TestBasicFunctionality" name="test_patch_status_verification" time="0.001" /><testcase classname="tests.test_functionality.TestBasicFunctionality" name="test_memory_store_tuple_preservation" time="0.007" /><testcase classname="tests.test_functionality.TestBasicFunctionality" name="test_file_store_tuple_preservation" time="0.006" /><testcase classname="tests.test_functionality.TestBasicFunctionality" name="test_complex_types_memory_store" time="0.007" /><testcase classname="tests.test_functionality.TestBasicFunctionality" name="test_complex_types_file_store" time="0.010" /><testcase classname="tests.test_functionality.TestBasicFunctionality" name="test_nested_structures" time="0.002" /><testcase classname="tests.test_functionality.TestAdvancedFunctionality" name="test_attributes_patches_directly" time="0.003" /><testcase classname="tests.test_functionality.TestAdvancedFunctionality" name="test_json_format_inspection" time="0.004" /><testcase classname="tests.test_functionality.TestAdvancedFunctionality" name="test_version_and_compatibility_info" time="0.002" /><testcase classname="tests.test_functionality.TestAdvancedFunctionality" name="test_error_conditions" time="0.004" /><testcase classname="tests.test_functionality.TestPerformanceAndCompatibility" name="test_large_nested_structures" time="0.008" /><testcase classname="tests.test_functionality.TestPerformanceAndCompatibility" name="test_multiple_groups_and_arrays" time="0.038" /><testcase classname="tests.test_functionality.TestRobustnessAndEdgeCases" name="test_numpy_scalar_conversion" time="0.011" /><testcase classname="tests.test_functionality.TestRobustnessAndEdgeCases" name="test_numpy_edge_cases_in_zarr_arrays" time="0.022" /><testcase classname="tests.test_functionality.TestRobustnessAndEdgeCases" name="test_mixed_numpy_python_in_real_scenario" time="0.002" /><testcase classname="tests.test_functionality.TestRobustnessAndEdgeCases" name="test_zarr_internal_object_detection" time="0.001" /><testcase classname="tests.test_functionality.TestRobustnessAndEdgeCases" name="test_mixed_numpy_python_types" time="0.002" /><testcase classname="tests.test_functionality.TestRobustnessAndEdgeCases" name="test_corrupted_enhanced_json_handling" time="0.002" /><testcase classname="tests.test_functionality.TestRobustnessAndEdgeCases" name="test_large_nested_structures" time="0.006" /><testcase classname="tests.test_functionality.TestRobustnessAndEdgeCases" name="test_fill_value_edge_cases" time="0.018" /><testcase classname="tests.test_integration.TestScientificWorkflowIntegration" name="test_microscopy_workflow" time="0.358" /><testcase classname="tests.test_integration.TestScientificWorkflowIntegration" name="test_climate_data_workflow" time="0.029" /><testcase classname="tests.test_integration.TestScientificWorkflowIntegration" name="test_real_world_data_pipeline" time="0.037" /><testcase classname="tests.test_isolation.TestGlobalJSONIsolation" name="test_global_json_functions_unchanged" time="0.001" /><testcase classname="tests.test_isolation.TestGlobalJSONIsolation" name="test_global_json_behavior_unchanged" time="0.001" /><testcase classname="tests.test_isolation.TestGlobalJSONIsolation" name="test_enhanced_json_not_processed_globally" time="0.001" /><testcase classname="tests.test_isolation.TestZarrOnlyPatching" name="test_zarr_patches_active" time="0.001" /><testcase classname="tests.test_isolation.TestZarrOnlyPatching" name="test_zarr_functionality_vs_global_json" time="0.002" /><testcase classname="tests.test_isolation.TestLibraryNonInterference" name="test_requests_simulation" time="0.001" /><testcase classname="tests.test_isolation.TestLibraryNonInterference" name="test_any_library_json_usage" time="0.001" /><testcase classname="tests.test_isolation.TestImportOrderIndependence" name="test_import_after_json_usage" time="0.001" /><testcase classname="tests.test_isolation.TestImportOrderIndependence" name="test_multiple_enable_disable_cycles" time="0.001" /><testcase classname="tests.test_performance.TestSerializationPerformance" name="test_tuple_serialization_performance" time="0.045" /><testcase classname="tests.test_performance.TestSerializationPerformance" name="test_nested_structure_performance" time="0.036" /><testcase classname="tests.test_performance.TestSerializationPerformance" name="test_complex_types_performance" time="0.034" /><testcase classname="tests.test_performance.TestMemoryUsage" name="test_memory_usage_repeated_operations" time="0.063" /><testcase classname="tests.test_performance.TestZarrIntegrationPerformance" name="test_zarr_attribute_performance" time="0.193" /><testcase classname="tests.test_performance.TestZarrIntegrationPerformance" name="test_zarr_file_operations_performance" time="0.005" /><testcase classname="tests.test_performance.TestScalabilityLimits" name="test_maximum_tuple_size" time="0.103" /><testcase classname="tests.test_performance.TestScalabilityLimits" name="test_maximum_nesting_depth" time="0.021" /><testcase classname="tests.test_performance.TestBenchmarkComparisons" name="test_performance_vs_standard_json" time="0.028" /><testcase classname="tests.test_version_management.TestVersionDetection" name="test_get_zarr_version_success" time="0.001" /><testcase classname="tests.test_version_management.TestVersionDetection" name="test_get_zarr_version_not_installed" time="0.002" /><testcase classname="tests.test_version_management.TestVersionDetection" name="test_get_zarr_version_no_version_attr" time="0.079" /><testcase classname="tests.test_version_management.TestVersionCompatibility" name="test_is_zarr_version_supported_working_versions" time="0.001" /><testcase classname="tests.test_version_management.TestVersionCompatibility" name="test_is_zarr_version_supported_too_old" time="0.001" /><testcase classname="tests.test_version_management.TestVersionCompatibility" name="test_is_zarr_version_supported_too_new" time="0.001" /><testcase classname="tests.test_version_management.TestVersionCompatibility" name="test_is_zarr_version_supported_invalid_version" time="0.001" /><testcase classname="tests.test_version_management.TestVersionRecommendations" name="test_get_version_recommendation_current_is_recommended" time="0.001" /><testcase classname="tests.test_version_management.TestVersionRecommendations" name="test_get_version_recommendation_upgrade_needed" time="0.001" /><testcase classname="tests.test_version_management.TestVersionRecommendations" name="test_get_version_recommendation_not_installed" time="0.001" /><testcase classname="tests.test_version_management.TestVersionValidation" name="test_validate_zarr_version_success" time="0.001" /><testcase classname="tests.test_version_management.TestVersionValidation" name="test_validate_zarr_version_not_installed" time="0.001" /><testcase classname="tests.test_version_management.TestVersionValidation" name="test_validate_zarr_version_too_old" time="0.001" /><testcase classname="tests.test_version_management.TestVersionValidation" name="test_validate_zarr_version_too_new" time="0.001" /><testcase classname="tests.test_version_management.TestConfigurationHandling" name="test_load_supported_versions_default" time="0.001" /><testcase classname="tests.test_version_management.TestConfigurationHandling" name="test_load_supported_versions_custom_config" time="0.003" /><testcase classname="tests.test_version_management.TestConfigurationHandling" name="test_load_supported_versions_corrupted_config" time="0.002" /></testsuite></testsuites>